TpTrace Verbose: 0 : 27216, 2, 2026/01/09, 23:07:15.007, 21759184816849, testhost.dll, Version: 18.0.1 Current process architecture: X64
TpTrace Verbose: 0 : 27216, 2, 2026/01/09, 23:07:15.010, 21759184843029, testhost.dll, Runtime location: C:\Program Files\dotnet\shared\Microsoft.NETCore.App\9.0.11
TpTrace Information: 0 : 27216, 2, 2026/01/09, 23:07:15.012, 21759184864067, testhost.dll, DefaultEngineInvoker.Invoke: Testhost process started with args :[--port, 64865],[--endpoint, 127.0.0.1:064865],[--role, client],[--parentprocessid, 12952],[--diag, C:\src\github\alex-horvath-net\ModularMonolith\diag.host.26-01-09_23-07-14_87082_5.log],[--tracelevel, 4],[--telemetryoptedin, false]
TpTrace Information: 0 : 27216, 2, 2026/01/09, 23:07:15.013, 21759184872514, testhost.dll, Setting up debug trace listener.
TpTrace Verbose: 0 : 27216, 2, 2026/01/09, 23:07:15.013, 21759184873711, testhost.dll, TestPlatformTraceListener.Setup: Replacing listener System.Diagnostics.DefaultTraceListener with TestHostTraceListener.
TpTrace Verbose: 0 : 27216, 2, 2026/01/09, 23:07:15.013, 21759184874420, testhost.dll, TestPlatformTraceListener.Setup: Added test platform trace listener.
TpTrace Information: 0 : 27216, 2, 2026/01/09, 23:07:15.013, 21759184877581, testhost.dll, DefaultEngineInvoker.SetParentProcessExitCallback: Monitoring parent process with id: '12952'
TpTrace Information: 0 : 27216, 2, 2026/01/09, 23:07:15.016, 21759184902170, testhost.dll, DefaultEngineInvoker.GetConnectionInfo: Initialize communication on endpoint address: '127.0.0.1:064865'
TpTrace Information: 0 : 27216, 2, 2026/01/09, 23:07:15.026, 21759185006161, testhost.dll, SocketClient.Start: connecting to server endpoint: 127.0.0.1:064865
TpTrace Information: 0 : 27216, 10, 2026/01/09, 23:07:15.034, 21759185085486, testhost.dll, SocketClient.OnServerConnected: connected to server endpoint: 127.0.0.1:064865
TpTrace Information: 0 : 27216, 2, 2026/01/09, 23:07:15.035, 21759185096569, testhost.dll, DefaultEngineInvoker.Invoke: Start Request Processing.
TpTrace Verbose: 0 : 27216, 10, 2026/01/09, 23:07:15.036, 21759185103308, testhost.dll, MulticastDelegateUtilities.SafeInvoke: SocketClient: ServerConnected: Invoking callback 1/1 for Microsoft.VisualStudio.TestPlatform.CommunicationUtilities.TestRequestHandler., took 0 ms.
TpTrace Verbose: 0 : 27216, 10, 2026/01/09, 23:07:15.036, 21759185104210, testhost.dll, Connected to server, and starting MessageLoopAsync
TpTrace Information: 0 : 27216, 11, 2026/01/09, 23:07:15.036, 21759185103380, testhost.dll, DefaultEngineInvoker.StartProcessingAsync: Connected to vstest.console, Starting process requests.
TpTrace Verbose: 0 : 27216, 8, 2026/01/09, 23:07:15.041, 21759185152179, testhost.dll, TcpClientExtensions.MessageLoopAsync: Polling on remoteEndPoint: [::ffff:127.0.0.1]:64865 localEndPoint: [::ffff:127.0.0.1]:64866 after 0 ms
TpTrace Verbose: 0 : 27216, 8, 2026/01/09, 23:07:15.063, 21759185372763, testhost.dll, TcpClientExtensions.MessageLoopAsync: NotifyDataAvailable remoteEndPoint: [::ffff:127.0.0.1]:64865 localEndPoint: [::ffff:127.0.0.1]:64866
TpTrace Information: 0 : 27216, 8, 2026/01/09, 23:07:15.066, 21759185406809, testhost.dll, TestRequestHandler.OnMessageReceived: received message: (ProtocolVersion) -> {"MessageType":"ProtocolVersion","Payload":7}
TpTrace Verbose: 0 : 27216, 8, 2026/01/09, 23:07:15.140, 21759186145922, testhost.dll, TestRequestHandler.SendData: sending data from testhost: {"Version":7,"MessageType":"TestSession.Message","Payload":{"MessageLevel":0,"Message":"Logging TestHost Diagnostics in file: C:\\src\\github\\alex-horvath-net\\ModularMonolith\\diag.host.26-01-09_23-07-14_87082_5.log"}}
TpTrace Verbose: 0 : 27216, 8, 2026/01/09, 23:07:15.140, 21759186148897, testhost.dll, MulticastDelegateUtilities.SafeInvoke: LengthPrefixCommunicationChannel: MessageReceived: Invoking callback 1/1 for Microsoft.VisualStudio.TestPlatform.CommunicationUtilities.TestRequestHandler., took 75 ms.
TpTrace Verbose: 0 : 27216, 8, 2026/01/09, 23:07:15.140, 21759186149354, testhost.dll, TcpClientExtensions.MessageLoopAsync: Polling on remoteEndPoint: [::ffff:127.0.0.1]:64865 localEndPoint: [::ffff:127.0.0.1]:64866 after 99 ms
TpTrace Verbose: 0 : 27216, 8, 2026/01/09, 23:07:15.144, 21759186188215, testhost.dll, TcpClientExtensions.MessageLoopAsync: NotifyDataAvailable remoteEndPoint: [::ffff:127.0.0.1]:64865 localEndPoint: [::ffff:127.0.0.1]:64866
TpTrace Information: 0 : 27216, 8, 2026/01/09, 23:07:15.145, 21759186194260, testhost.dll, TestRequestHandler.OnMessageReceived: received message: (TestExecution.Initialize) -> {"Version":7,"MessageType":"TestExecution.Initialize","Payload":["C:\\src\\github\\alex-horvath-net\\ModularMonolith\\src\\DevTests\\bin\\Debug\\net9.0\\xunit.runner.visualstudio.testadapter.dll"]}
TpTrace Verbose: 0 : 27216, 8, 2026/01/09, 23:07:15.151, 21759186259934, testhost.dll, MulticastDelegateUtilities.SafeInvoke: LengthPrefixCommunicationChannel: MessageReceived: Invoking callback 1/1 for Microsoft.VisualStudio.TestPlatform.CommunicationUtilities.TestRequestHandler., took 6 ms.
TpTrace Verbose: 0 : 27216, 8, 2026/01/09, 23:07:15.151, 21759186260969, testhost.dll, TcpClientExtensions.MessageLoopAsync: Polling on remoteEndPoint: [::ffff:127.0.0.1]:64865 localEndPoint: [::ffff:127.0.0.1]:64866 after 11 ms
TpTrace Verbose: 0 : 27216, 8, 2026/01/09, 23:07:15.151, 21759186261354, testhost.dll, TcpClientExtensions.MessageLoopAsync: NotifyDataAvailable remoteEndPoint: [::ffff:127.0.0.1]:64865 localEndPoint: [::ffff:127.0.0.1]:64866
TpTrace Information: 0 : 27216, 8, 2026/01/09, 23:07:15.152, 21759186262082, testhost.dll, TestRequestHandler.OnMessageReceived: received message: (TestExecution.StartWithSources) -> {"Version":7,"MessageType":"TestExecution.StartWithSources","Payload":{"AdapterSourceMap":{"_none_":["C:\\src\\github\\alex-horvath-net\\ModularMonolith\\src\\DevTests\\bin\\Debug\\net9.0\\DevTests.dll"]},"RunSettings":"<RunSettings>\r\n  <RunConfiguration>\r\n    <ResultsDirectory>C:\\src\\github\\alex-horvath-net\\ModularMonolith\\src\\DevTests\\TestResults</ResultsDirectory>\r\n    <TargetFrameworkVersion>.NETCoreApp,Version=v9.0</TargetFrameworkVersion>\r\n    <TestAdaptersPaths>C:\\Users\\alada\\.nuget\\packages\\coverlet.collector\\6.0.4\\build\\netstandard2.0\\</TestAdaptersPaths>\r\n    <DesignMode>False</DesignMode>\r\n    <CollectSourceInformation>False</CollectSourceInformation>\r\n  </RunConfiguration>\r\n  <LoggerRunSettings>\r\n    <Loggers>\r\n      <Logger friendlyName=\"Microsoft.TestPlatform.MSBuildLogger\" assemblyQualifiedName=\"Microsoft.VisualStudio.TestPlatform.CommandLine.Internal.MSBuildLogger, vstest.console, Version=15.0.0.0, Culture=neutral, PublicKeyToken=b03f5f7f11d50a3a\" codeBase=\"C:\\Program Files\\dotnet\\sdk\\10.0.101\\vstest.console.dll\" enabled=\"True\">\r\n        <Configuration>\r\n          <Verbosity>minimal</Verbosity>\r\n        </Configuration>\r\n      </Logger>\r\n    </Loggers>\r\n  </LoggerRunSettings>\r\n</RunSettings>","TestExecutionContext":{"FrequencyOfRunStatsChangeEvent":10,"RunStatsChangeEventTimeout":"00:00:01.5000000","InIsolation":false,"KeepAlive":false,"AreTestCaseLevelEventsRequired":false,"IsDebug":false,"TestCaseFilter":"GetOrderByIdEndpoints_Tests","FilterOptions":null},"Package":null}}
TpTrace Information: 0 : 27216, 4, 2026/01/09, 23:07:15.152, 21759186264661, testhost.dll, TestRequestHandler.OnMessageReceived: Running job 'TestExecution.Initialize'.
TpTrace Verbose: 0 : 27216, 4, 2026/01/09, 23:07:15.154, 21759186282052, testhost.dll, TestExecutorService: Loading the extensions
TpTrace Verbose: 0 : 27216, 4, 2026/01/09, 23:07:15.155, 21759186294186, testhost.dll, TestPluginCache.DiscoverTestExtensions: finding test extensions in assemblies ends with: TestAdapter.dll TPluginInfo: Microsoft.VisualStudio.TestPlatform.Common.ExtensionFramework.Utilities.TestExecutorPluginInformation TExtension: Microsoft.VisualStudio.TestPlatform.ObjectModel.Adapter.ITestExecutor
TpTrace Verbose: 0 : 27216, 4, 2026/01/09, 23:07:15.156, 21759186305345, testhost.dll, TestPluginCache.GetExtensionPaths: Filtered extension paths: 
TpTrace Verbose: 0 : 27216, 4, 2026/01/09, 23:07:15.156, 21759186308104, testhost.dll, TestPluginCache.GetExtensionPaths: Added default extension paths: C:\src\github\alex-horvath-net\ModularMonolith\src\DevTests\bin\Debug\net9.0\xunit.runner.visualstudio.testadapter.dll
TpTrace Verbose: 0 : 27216, 4, 2026/01/09, 23:07:15.156, 21759186309219, testhost.dll, TestPluginCache.GetExtensionPaths: Added unfilterableExtensionPaths: 
TpTrace Information: 0 : 27216, 4, 2026/01/09, 23:07:15.157, 21759186321025, testhost.dll, AssemblyResolver.ctor: Creating AssemblyResolver with searchDirectories C:\src\github\alex-horvath-net\ModularMonolith\src\DevTests\bin\Debug\net9.0
TpTrace Verbose: 0 : 27216, 4, 2026/01/09, 23:07:15.158, 21759186331424, testhost.dll, TestPluginCache.DiscoverTestExtensions: Discovering the extensions using extension path.
TpTrace Verbose: 0 : 27216, 4, 2026/01/09, 23:07:15.159, 21759186332541, testhost.dll, TestPluginCache.GetExtensionPaths: Filtered extension paths: 
TpTrace Verbose: 0 : 27216, 4, 2026/01/09, 23:07:15.159, 21759186332791, testhost.dll, TestPluginCache.GetExtensionPaths: Added default extension paths: C:\src\github\alex-horvath-net\ModularMonolith\src\DevTests\bin\Debug\net9.0\xunit.runner.visualstudio.testadapter.dll
TpTrace Verbose: 0 : 27216, 4, 2026/01/09, 23:07:15.159, 21759186332959, testhost.dll, TestPluginCache.GetExtensionPaths: Added unfilterableExtensionPaths: 
TpTrace Verbose: 0 : 27216, 4, 2026/01/09, 23:07:15.159, 21759186333302, testhost.dll, TestPluginCache.DiscoverTestExtensions: Discovering the extensions using allExtensionPaths: C:\src\github\alex-horvath-net\ModularMonolith\src\DevTests\bin\Debug\net9.0\xunit.runner.visualstudio.testadapter.dll
TpTrace Information: 0 : 27216, 4, 2026/01/09, 23:07:15.159, 21759186338865, testhost.dll, AssemblyResolver.AddSearchDirectories: Adding more searchDirectories C:\src\github\alex-horvath-net\ModularMonolith\src\DevTests\bin\Debug\net9.0
TpTrace Information: 0 : 27216, 4, 2026/01/09, 23:07:15.161, 21759186357674, testhost.dll, AssemblyResolver.OnResolve: xunit.runner.visualstudio.testadapter: Resolving assembly.
TpTrace Information: 0 : 27216, 4, 2026/01/09, 23:07:15.161, 21759186358519, testhost.dll, AssemblyResolver.OnResolve: xunit.runner.visualstudio.testadapter: Searching in: 'C:\src\github\alex-horvath-net\ModularMonolith\src\DevTests\bin\Debug\net9.0'.
TpTrace Information: 0 : 27216, 4, 2026/01/09, 23:07:15.168, 21759186423519, testhost.dll, AssemblyResolver.OnResolve: xunit.runner.visualstudio.testadapter: Loading assembly 'C:\src\github\alex-horvath-net\ModularMonolith\src\DevTests\bin\Debug\net9.0\xunit.runner.visualstudio.testadapter.dll'.
TpTrace Information: 0 : 27216, 4, 2026/01/09, 23:07:15.169, 21759186431703, testhost.dll, AssemblyResolver.OnResolve: Resolved assembly: xunit.runner.visualstudio.testadapter, from path: C:\src\github\alex-horvath-net\ModularMonolith\src\DevTests\bin\Debug\net9.0\xunit.runner.visualstudio.testadapter.dll
TpTrace Verbose: 0 : 27216, 8, 2026/01/09, 23:07:15.169, 21759186432972, testhost.dll, MulticastDelegateUtilities.SafeInvoke: LengthPrefixCommunicationChannel: MessageReceived: Invoking callback 1/1 for Microsoft.VisualStudio.TestPlatform.CommunicationUtilities.TestRequestHandler., took 17 ms.
TpTrace Verbose: 0 : 27216, 8, 2026/01/09, 23:07:15.169, 21759186433654, testhost.dll, TcpClientExtensions.MessageLoopAsync: Polling on remoteEndPoint: [::ffff:127.0.0.1]:64865 localEndPoint: [::ffff:127.0.0.1]:64866 after 17 ms
TpTrace Verbose: 0 : 27216, 4, 2026/01/09, 23:07:15.180, 21759186542264, testhost.dll, MetadataReaderExtensionsHelper: Discovering extensions inside assembly 'xunit.runner.visualstudio.testadapter, Version=3.1.5.0, Culture=neutral, PublicKeyToken=null' file path 'C:\src\github\alex-horvath-net\ModularMonolith\src\DevTests\bin\Debug\net9.0\xunit.runner.visualstudio.testadapter.dll'
TpTrace Information: 0 : 27216, 4, 2026/01/09, 23:07:15.196, 21759186703997, testhost.dll, GetTestExtensionFromType: Register extension with identifier data 'executor://xunit/VsTestRunner3/netcore/' and type 'Xunit.Runner.VisualStudio.VsTestRunner, xunit.runner.visualstudio.testadapter, Version=3.1.5.0, Culture=neutral, PublicKeyToken=null' inside file 'C:\src\github\alex-horvath-net\ModularMonolith\src\DevTests\bin\Debug\net9.0\xunit.runner.visualstudio.testadapter.dll'
TpTrace Verbose: 0 : 27216, 4, 2026/01/09, 23:07:15.197, 21759186719447, testhost.dll, TestPluginCache: Discovered the extensions using extension path ''.
TpTrace Verbose: 0 : 27216, 4, 2026/01/09, 23:07:15.198, 21759186723231, testhost.dll, TestPluginCache: Discoverers are ''.
TpTrace Verbose: 0 : 27216, 4, 2026/01/09, 23:07:15.198, 21759186723882, testhost.dll, TestPluginCache: Executors are 'executor://xunit/VsTestRunner3/netcore/'.
TpTrace Verbose: 0 : 27216, 4, 2026/01/09, 23:07:15.198, 21759186724251, testhost.dll, TestPluginCache: Executors2 are ''.
TpTrace Verbose: 0 : 27216, 4, 2026/01/09, 23:07:15.198, 21759186724682, testhost.dll, TestPluginCache: Setting providers are ''.
TpTrace Verbose: 0 : 27216, 4, 2026/01/09, 23:07:15.198, 21759186724985, testhost.dll, TestPluginCache: Loggers are ''.
TpTrace Verbose: 0 : 27216, 4, 2026/01/09, 23:07:15.198, 21759186725245, testhost.dll, TestPluginCache: TestHosts are ''.
TpTrace Verbose: 0 : 27216, 4, 2026/01/09, 23:07:15.198, 21759186725500, testhost.dll, TestPluginCache: DataCollectors are ''.
TpTrace Verbose: 0 : 27216, 4, 2026/01/09, 23:07:15.199, 21759186739399, testhost.dll, TestPluginCache.DiscoverTestExtensions: finding test extensions in assemblies ends with: TestAdapter.dll TPluginInfo: Microsoft.VisualStudio.TestPlatform.Common.ExtensionFramework.Utilities.TestExecutorPluginInformation2 TExtension: Microsoft.VisualStudio.TestPlatform.ObjectModel.Adapter.ITestExecutor2
TpTrace Verbose: 0 : 27216, 4, 2026/01/09, 23:07:15.199, 21759186741271, testhost.dll, TestPluginCache.GetExtensionPaths: Filtered extension paths: 
TpTrace Verbose: 0 : 27216, 4, 2026/01/09, 23:07:15.200, 21759186741595, testhost.dll, TestPluginCache.GetExtensionPaths: Added default extension paths: C:\src\github\alex-horvath-net\ModularMonolith\src\DevTests\bin\Debug\net9.0\xunit.runner.visualstudio.testadapter.dll
TpTrace Verbose: 0 : 27216, 4, 2026/01/09, 23:07:15.200, 21759186741752, testhost.dll, TestPluginCache.GetExtensionPaths: Added unfilterableExtensionPaths: 
TpTrace Information: 0 : 27216, 4, 2026/01/09, 23:07:15.200, 21759186743212, testhost.dll, AssemblyResolver.AddSearchDirectories: Adding more searchDirectories C:\src\github\alex-horvath-net\ModularMonolith\src\DevTests\bin\Debug\net9.0
TpTrace Verbose: 0 : 27216, 4, 2026/01/09, 23:07:15.200, 21759186743574, testhost.dll, TestPluginCache.DiscoverTestExtensions: Discovering the extensions using extension path.
TpTrace Verbose: 0 : 27216, 4, 2026/01/09, 23:07:15.200, 21759186743751, testhost.dll, TestPluginCache.GetExtensionPaths: Filtered extension paths: 
TpTrace Verbose: 0 : 27216, 4, 2026/01/09, 23:07:15.200, 21759186743893, testhost.dll, TestPluginCache.GetExtensionPaths: Added default extension paths: C:\src\github\alex-horvath-net\ModularMonolith\src\DevTests\bin\Debug\net9.0\xunit.runner.visualstudio.testadapter.dll
TpTrace Verbose: 0 : 27216, 4, 2026/01/09, 23:07:15.200, 21759186744023, testhost.dll, TestPluginCache.GetExtensionPaths: Added unfilterableExtensionPaths: 
TpTrace Verbose: 0 : 27216, 4, 2026/01/09, 23:07:15.200, 21759186744257, testhost.dll, TestPluginCache.DiscoverTestExtensions: Discovering the extensions using allExtensionPaths: C:\src\github\alex-horvath-net\ModularMonolith\src\DevTests\bin\Debug\net9.0\xunit.runner.visualstudio.testadapter.dll
TpTrace Information: 0 : 27216, 4, 2026/01/09, 23:07:15.200, 21759186744516, testhost.dll, AssemblyResolver.AddSearchDirectories: Adding more searchDirectories C:\src\github\alex-horvath-net\ModularMonolith\src\DevTests\bin\Debug\net9.0
TpTrace Verbose: 0 : 27216, 4, 2026/01/09, 23:07:15.200, 21759186745037, testhost.dll, MetadataReaderExtensionsHelper: Discovering extensions inside assembly 'xunit.runner.visualstudio.testadapter, Version=3.1.5.0, Culture=neutral, PublicKeyToken=null' file path 'C:\src\github\alex-horvath-net\ModularMonolith\src\DevTests\bin\Debug\net9.0\xunit.runner.visualstudio.testadapter.dll'
TpTrace Verbose: 0 : 27216, 4, 2026/01/09, 23:07:15.214, 21759186889824, testhost.dll, TestPluginCache: Discovered the extensions using extension path ''.
TpTrace Verbose: 0 : 27216, 4, 2026/01/09, 23:07:15.214, 21759186890890, testhost.dll, TestPluginCache: Discoverers are ''.
TpTrace Verbose: 0 : 27216, 4, 2026/01/09, 23:07:15.214, 21759186891250, testhost.dll, TestPluginCache: Executors are 'executor://xunit/VsTestRunner3/netcore/'.
TpTrace Verbose: 0 : 27216, 4, 2026/01/09, 23:07:15.215, 21759186891566, testhost.dll, TestPluginCache: Executors2 are ''.
TpTrace Verbose: 0 : 27216, 4, 2026/01/09, 23:07:15.215, 21759186891713, testhost.dll, TestPluginCache: Setting providers are ''.
TpTrace Verbose: 0 : 27216, 4, 2026/01/09, 23:07:15.215, 21759186891842, testhost.dll, TestPluginCache: Loggers are ''.
TpTrace Verbose: 0 : 27216, 4, 2026/01/09, 23:07:15.215, 21759186892035, testhost.dll, TestPluginCache: TestHosts are ''.
TpTrace Verbose: 0 : 27216, 4, 2026/01/09, 23:07:15.215, 21759186892162, testhost.dll, TestPluginCache: DataCollectors are ''.
TpTrace Information: 0 : 27216, 4, 2026/01/09, 23:07:15.220, 21759186942535, testhost.dll, TestPluginManager.CreateTestExtension: Attempting to load test extension: Xunit.Runner.VisualStudio.VsTestRunner
TpTrace Verbose: 0 : 27216, 4, 2026/01/09, 23:07:15.220, 21759186946206, testhost.dll, TestExecutorExtensionManager: Loading executor Microsoft.VisualStudio.TestPlatform.Common.ExtensionDecorators.SerialTestRunDecorator
TpTrace Verbose: 0 : 27216, 4, 2026/01/09, 23:07:15.220, 21759186946780, testhost.dll, TestExecutorService: Loaded the executors
TpTrace Verbose: 0 : 27216, 4, 2026/01/09, 23:07:15.220, 21759186950906, testhost.dll, TestPluginCache.DiscoverTestExtensions: finding test extensions in assemblies ends with: TestAdapter.dll TPluginInfo: Microsoft.VisualStudio.TestPlatform.Common.ExtensionFramework.Utilities.TestSettingsProviderPluginInformation TExtension: Microsoft.VisualStudio.TestPlatform.ObjectModel.Adapter.ISettingsProvider
TpTrace Verbose: 0 : 27216, 4, 2026/01/09, 23:07:15.221, 21759186951687, testhost.dll, TestPluginCache.GetExtensionPaths: Filtered extension paths: 
TpTrace Verbose: 0 : 27216, 4, 2026/01/09, 23:07:15.221, 21759186951924, testhost.dll, TestPluginCache.GetExtensionPaths: Added default extension paths: C:\src\github\alex-horvath-net\ModularMonolith\src\DevTests\bin\Debug\net9.0\xunit.runner.visualstudio.testadapter.dll
TpTrace Verbose: 0 : 27216, 4, 2026/01/09, 23:07:15.221, 21759186952183, testhost.dll, TestPluginCache.GetExtensionPaths: Added unfilterableExtensionPaths: 
TpTrace Information: 0 : 27216, 4, 2026/01/09, 23:07:15.221, 21759186953294, testhost.dll, AssemblyResolver.AddSearchDirectories: Adding more searchDirectories C:\src\github\alex-horvath-net\ModularMonolith\src\DevTests\bin\Debug\net9.0
TpTrace Verbose: 0 : 27216, 4, 2026/01/09, 23:07:15.221, 21759186953561, testhost.dll, TestPluginCache.DiscoverTestExtensions: Discovering the extensions using extension path.
TpTrace Verbose: 0 : 27216, 4, 2026/01/09, 23:07:15.221, 21759186953729, testhost.dll, TestPluginCache.GetExtensionPaths: Filtered extension paths: 
TpTrace Verbose: 0 : 27216, 4, 2026/01/09, 23:07:15.221, 21759186953905, testhost.dll, TestPluginCache.GetExtensionPaths: Added default extension paths: C:\src\github\alex-horvath-net\ModularMonolith\src\DevTests\bin\Debug\net9.0\xunit.runner.visualstudio.testadapter.dll
TpTrace Verbose: 0 : 27216, 4, 2026/01/09, 23:07:15.221, 21759186954040, testhost.dll, TestPluginCache.GetExtensionPaths: Added unfilterableExtensionPaths: 
TpTrace Verbose: 0 : 27216, 4, 2026/01/09, 23:07:15.221, 21759186954193, testhost.dll, TestPluginCache.DiscoverTestExtensions: Discovering the extensions using allExtensionPaths: C:\src\github\alex-horvath-net\ModularMonolith\src\DevTests\bin\Debug\net9.0\xunit.runner.visualstudio.testadapter.dll
TpTrace Information: 0 : 27216, 4, 2026/01/09, 23:07:15.221, 21759186954423, testhost.dll, AssemblyResolver.AddSearchDirectories: Adding more searchDirectories C:\src\github\alex-horvath-net\ModularMonolith\src\DevTests\bin\Debug\net9.0
TpTrace Verbose: 0 : 27216, 4, 2026/01/09, 23:07:15.221, 21759186954975, testhost.dll, MetadataReaderExtensionsHelper: Discovering extensions inside assembly 'xunit.runner.visualstudio.testadapter, Version=3.1.5.0, Culture=neutral, PublicKeyToken=null' file path 'C:\src\github\alex-horvath-net\ModularMonolith\src\DevTests\bin\Debug\net9.0\xunit.runner.visualstudio.testadapter.dll'
TpTrace Verbose: 0 : 27216, 4, 2026/01/09, 23:07:15.222, 21759186964920, testhost.dll, TestPluginCache: Discovered the extensions using extension path ''.
TpTrace Verbose: 0 : 27216, 4, 2026/01/09, 23:07:15.222, 21759186965523, testhost.dll, TestPluginCache: Discoverers are ''.
TpTrace Verbose: 0 : 27216, 4, 2026/01/09, 23:07:15.222, 21759186965700, testhost.dll, TestPluginCache: Executors are 'executor://xunit/VsTestRunner3/netcore/'.
TpTrace Verbose: 0 : 27216, 4, 2026/01/09, 23:07:15.222, 21759186965860, testhost.dll, TestPluginCache: Executors2 are ''.
TpTrace Verbose: 0 : 27216, 4, 2026/01/09, 23:07:15.222, 21759186966148, testhost.dll, TestPluginCache: Setting providers are ''.
TpTrace Verbose: 0 : 27216, 4, 2026/01/09, 23:07:15.222, 21759186966284, testhost.dll, TestPluginCache: Loggers are ''.
TpTrace Verbose: 0 : 27216, 4, 2026/01/09, 23:07:15.222, 21759186966550, testhost.dll, TestPluginCache: TestHosts are ''.
TpTrace Verbose: 0 : 27216, 4, 2026/01/09, 23:07:15.222, 21759186966703, testhost.dll, TestPluginCache: DataCollectors are ''.
TpTrace Verbose: 0 : 27216, 4, 2026/01/09, 23:07:15.222, 21759186971112, testhost.dll, TestExecutorService: Loaded the settings providers
TpTrace Information: 0 : 27216, 4, 2026/01/09, 23:07:15.222, 21759186971530, testhost.dll, TestExecutorService: Loaded the extensions
TpTrace Information: 0 : 27216, 4, 2026/01/09, 23:07:15.223, 21759186974328, testhost.dll, TestRequestHandler.OnMessageReceived: Running job 'TestExecution.StartWithSources'.
TpTrace Information: 0 : 27216, 4, 2026/01/09, 23:07:15.256, 21759187308346, testhost.dll, TestDiscoveryManager: Discovering tests from sources C:\src\github\alex-horvath-net\ModularMonolith\src\DevTests\bin\Debug\net9.0\DevTests.dll
TpTrace Verbose: 0 : 27216, 4, 2026/01/09, 23:07:15.257, 21759187321071, testhost.dll, TestPluginCache.DiscoverTestExtensions: finding test extensions in assemblies ends with: TestAdapter.dll TPluginInfo: Microsoft.VisualStudio.TestPlatform.Common.ExtensionFramework.Utilities.TestDiscovererPluginInformation TExtension: Microsoft.VisualStudio.TestPlatform.ObjectModel.Adapter.ITestDiscoverer
TpTrace Verbose: 0 : 27216, 4, 2026/01/09, 23:07:15.258, 21759187322360, testhost.dll, TestPluginCache.GetExtensionPaths: Filtered extension paths: 
TpTrace Verbose: 0 : 27216, 4, 2026/01/09, 23:07:15.258, 21759187322627, testhost.dll, TestPluginCache.GetExtensionPaths: Added default extension paths: C:\src\github\alex-horvath-net\ModularMonolith\src\DevTests\bin\Debug\net9.0\xunit.runner.visualstudio.testadapter.dll
TpTrace Verbose: 0 : 27216, 4, 2026/01/09, 23:07:15.258, 21759187322783, testhost.dll, TestPluginCache.GetExtensionPaths: Added unfilterableExtensionPaths: 
TpTrace Information: 0 : 27216, 4, 2026/01/09, 23:07:15.258, 21759187323783, testhost.dll, AssemblyResolver.AddSearchDirectories: Adding more searchDirectories C:\src\github\alex-horvath-net\ModularMonolith\src\DevTests\bin\Debug\net9.0
TpTrace Verbose: 0 : 27216, 4, 2026/01/09, 23:07:15.258, 21759187324069, testhost.dll, TestPluginCache.DiscoverTestExtensions: Discovering the extensions using extension path.
TpTrace Verbose: 0 : 27216, 4, 2026/01/09, 23:07:15.258, 21759187324237, testhost.dll, TestPluginCache.GetExtensionPaths: Filtered extension paths: 
TpTrace Verbose: 0 : 27216, 4, 2026/01/09, 23:07:15.258, 21759187324376, testhost.dll, TestPluginCache.GetExtensionPaths: Added default extension paths: C:\src\github\alex-horvath-net\ModularMonolith\src\DevTests\bin\Debug\net9.0\xunit.runner.visualstudio.testadapter.dll
TpTrace Verbose: 0 : 27216, 4, 2026/01/09, 23:07:15.258, 21759187324567, testhost.dll, TestPluginCache.GetExtensionPaths: Added unfilterableExtensionPaths: 
TpTrace Verbose: 0 : 27216, 4, 2026/01/09, 23:07:15.258, 21759187324832, testhost.dll, TestPluginCache.DiscoverTestExtensions: Discovering the extensions using allExtensionPaths: C:\src\github\alex-horvath-net\ModularMonolith\src\DevTests\bin\Debug\net9.0\xunit.runner.visualstudio.testadapter.dll
TpTrace Information: 0 : 27216, 4, 2026/01/09, 23:07:15.258, 21759187325119, testhost.dll, AssemblyResolver.AddSearchDirectories: Adding more searchDirectories C:\src\github\alex-horvath-net\ModularMonolith\src\DevTests\bin\Debug\net9.0
TpTrace Verbose: 0 : 27216, 4, 2026/01/09, 23:07:15.258, 21759187325710, testhost.dll, MetadataReaderExtensionsHelper: Discovering extensions inside assembly 'xunit.runner.visualstudio.testadapter, Version=3.1.5.0, Culture=neutral, PublicKeyToken=null' file path 'C:\src\github\alex-horvath-net\ModularMonolith\src\DevTests\bin\Debug\net9.0\xunit.runner.visualstudio.testadapter.dll'
TpTrace Information: 0 : 27216, 4, 2026/01/09, 23:07:15.262, 21759187361747, testhost.dll, GetTestExtensionFromType: Register extension with identifier data 'Xunit.Runner.VisualStudio.VsTestRunner, xunit.runner.visualstudio.testadapter, Version=3.1.5.0, Culture=neutral, PublicKeyToken=null' and type 'Xunit.Runner.VisualStudio.VsTestRunner, xunit.runner.visualstudio.testadapter, Version=3.1.5.0, Culture=neutral, PublicKeyToken=null' inside file 'C:\src\github\alex-horvath-net\ModularMonolith\src\DevTests\bin\Debug\net9.0\xunit.runner.visualstudio.testadapter.dll'
TpTrace Verbose: 0 : 27216, 4, 2026/01/09, 23:07:15.262, 21759187363670, testhost.dll, TestPluginCache: Discovered the extensions using extension path ''.
TpTrace Verbose: 0 : 27216, 4, 2026/01/09, 23:07:15.262, 21759187364111, testhost.dll, TestPluginCache: Discoverers are 'Xunit.Runner.VisualStudio.VsTestRunner, xunit.runner.visualstudio.testadapter, Version=3.1.5.0, Culture=neutral, PublicKeyToken=null'.
TpTrace Verbose: 0 : 27216, 4, 2026/01/09, 23:07:15.262, 21759187364366, testhost.dll, TestPluginCache: Executors are 'executor://xunit/VsTestRunner3/netcore/'.
TpTrace Verbose: 0 : 27216, 4, 2026/01/09, 23:07:15.262, 21759187364546, testhost.dll, TestPluginCache: Executors2 are ''.
TpTrace Verbose: 0 : 27216, 4, 2026/01/09, 23:07:15.262, 21759187364691, testhost.dll, TestPluginCache: Setting providers are ''.
TpTrace Verbose: 0 : 27216, 4, 2026/01/09, 23:07:15.262, 21759187364825, testhost.dll, TestPluginCache: Loggers are ''.
TpTrace Verbose: 0 : 27216, 4, 2026/01/09, 23:07:15.262, 21759187364957, testhost.dll, TestPluginCache: TestHosts are ''.
TpTrace Verbose: 0 : 27216, 4, 2026/01/09, 23:07:15.262, 21759187365084, testhost.dll, TestPluginCache: DataCollectors are ''.
TpTrace Information: 0 : 27216, 4, 2026/01/09, 23:07:15.264, 21759187389906, testhost.dll, PEReaderHelper.GetAssemblyType: Determined assemblyType:'Managed' for source: 'C:\src\github\alex-horvath-net\ModularMonolith\src\DevTests\bin\Debug\net9.0\DevTests.dll'
TpTrace Verbose: 0 : 27216, 4, 2026/01/09, 23:07:15.278, 21759187530706, testhost.dll, BaseRunTests.RunTestInternalWithExecutors: Running tests for executor://xunit/VsTestRunner3/netcore/
TpTrace Information: 0 : 27216, 4, 2026/01/09, 23:07:15.286, 21759187602213, testhost.dll, [xUnit.net 00:00:00.00] xUnit.net VSTest Adapter v3.1.5+1b188a7b0a (64-bit .NET 9.0.11)
TpTrace Verbose: 0 : 27216, 4, 2026/01/09, 23:07:15.286, 21759187603848, testhost.dll, TestRequestHandler.SendData: sending data from testhost: {"Version":7,"MessageType":"TestSession.Message","Payload":{"MessageLevel":0,"Message":"[xUnit.net 00:00:00.00] xUnit.net VSTest Adapter v3.1.5+1b188a7b0a (64-bit .NET 9.0.11)"}}
TpTrace Verbose: 0 : 27216, 4, 2026/01/09, 23:07:15.286, 21759187605953, testhost.dll, MulticastDelegateUtilities.SafeInvoke: TestRunMessageLoggerProxy.SendMessage: Invoking callback 1/1 for Microsoft.VisualStudio.TestPlatform.CrossPlatEngine.Execution.RunTestsWithSources., took 0 ms.
TpTrace Information: 0 : 27216, 10, 2026/01/09, 23:07:15.353, 21759188273535, testhost.dll, [xUnit.net 00:00:00.07]   Discovering: DevTests
TpTrace Verbose: 0 : 27216, 10, 2026/01/09, 23:07:15.353, 21759188275323, testhost.dll, TestRequestHandler.SendData: sending data from testhost: {"Version":7,"MessageType":"TestSession.Message","Payload":{"MessageLevel":0,"Message":"[xUnit.net 00:00:00.07]   Discovering: DevTests"}}
TpTrace Verbose: 0 : 27216, 10, 2026/01/09, 23:07:15.353, 21759188277275, testhost.dll, MulticastDelegateUtilities.SafeInvoke: TestRunMessageLoggerProxy.SendMessage: Invoking callback 1/1 for Microsoft.VisualStudio.TestPlatform.CrossPlatEngine.Execution.RunTestsWithSources., took 0 ms.
TpTrace Information: 0 : 27216, 10, 2026/01/09, 23:07:15.388, 21759188626765, testhost.dll, [xUnit.net 00:00:00.10]   Discovered:  DevTests
TpTrace Verbose: 0 : 27216, 10, 2026/01/09, 23:07:15.388, 21759188628643, testhost.dll, TestRequestHandler.SendData: sending data from testhost: {"Version":7,"MessageType":"TestSession.Message","Payload":{"MessageLevel":0,"Message":"[xUnit.net 00:00:00.10]   Discovered:  DevTests"}}
TpTrace Verbose: 0 : 27216, 10, 2026/01/09, 23:07:15.388, 21759188630231, testhost.dll, MulticastDelegateUtilities.SafeInvoke: TestRunMessageLoggerProxy.SendMessage: Invoking callback 1/1 for Microsoft.VisualStudio.TestPlatform.CrossPlatEngine.Execution.RunTestsWithSources., took 0 ms.
TpTrace Information: 0 : 27216, 16, 2026/01/09, 23:07:15.408, 21759188824656, testhost.dll, [xUnit.net 00:00:00.12]   Starting:    DevTests
TpTrace Verbose: 0 : 27216, 16, 2026/01/09, 23:07:15.408, 21759188826355, testhost.dll, TestRequestHandler.SendData: sending data from testhost: {"Version":7,"MessageType":"TestSession.Message","Payload":{"MessageLevel":0,"Message":"[xUnit.net 00:00:00.12]   Starting:    DevTests"}}
TpTrace Verbose: 0 : 27216, 16, 2026/01/09, 23:07:15.408, 21759188828213, testhost.dll, MulticastDelegateUtilities.SafeInvoke: TestRunMessageLoggerProxy.SendMessage: Invoking callback 1/1 for Microsoft.VisualStudio.TestPlatform.CrossPlatEngine.Execution.RunTestsWithSources., took 0 ms.
TpTrace Information: 0 : 27216, 13, 2026/01/09, 23:07:15.421, 21759188959747, testhost.dll, AssemblyResolver.OnResolve: Windows: Resolving assembly.
TpTrace Information: 0 : 27216, 13, 2026/01/09, 23:07:15.421, 21759188960972, testhost.dll, AssemblyResolver.OnResolve: Windows: Searching in: 'C:\src\github\alex-horvath-net\ModularMonolith\src\DevTests\bin\Debug\net9.0'.
TpTrace Information: 0 : 27216, 13, 2026/01/09, 23:07:15.422, 21759188961716, testhost.dll, AssemblyResolver.OnResolve: Windows: Assembly path does not exist: 'C:\src\github\alex-horvath-net\ModularMonolith\src\DevTests\bin\Debug\net9.0\Windows.dll', returning.
TpTrace Information: 0 : 27216, 13, 2026/01/09, 23:07:15.422, 21759188962130, testhost.dll, AssemblyResolver.OnResolve: Windows: Assembly path does not exist: 'C:\src\github\alex-horvath-net\ModularMonolith\src\DevTests\bin\Debug\net9.0\Windows.exe', returning.
TpTrace Information: 0 : 27216, 13, 2026/01/09, 23:07:15.422, 21759188962304, testhost.dll, AssemblyResolver.OnResolve: Windows: Failed to load assembly.
TpTrace Information: 0 : 27216, 13, 2026/01/09, 23:07:15.422, 21759188963234, testhost.dll, AssemblyResolver.OnResolve: Microsoft.Windows.SDK.NET: Resolving assembly.
TpTrace Information: 0 : 27216, 13, 2026/01/09, 23:07:15.422, 21759188963491, testhost.dll, AssemblyResolver.OnResolve: Microsoft.Windows.SDK.NET: Searching in: 'C:\src\github\alex-horvath-net\ModularMonolith\src\DevTests\bin\Debug\net9.0'.
TpTrace Information: 0 : 27216, 13, 2026/01/09, 23:07:15.422, 21759188963908, testhost.dll, AssemblyResolver.OnResolve: Microsoft.Windows.SDK.NET: Assembly path does not exist: 'C:\src\github\alex-horvath-net\ModularMonolith\src\DevTests\bin\Debug\net9.0\Microsoft.Windows.SDK.NET.dll', returning.
TpTrace Information: 0 : 27216, 13, 2026/01/09, 23:07:15.422, 21759188964282, testhost.dll, AssemblyResolver.OnResolve: Microsoft.Windows.SDK.NET: Assembly path does not exist: 'C:\src\github\alex-horvath-net\ModularMonolith\src\DevTests\bin\Debug\net9.0\Microsoft.Windows.SDK.NET.exe', returning.
TpTrace Information: 0 : 27216, 13, 2026/01/09, 23:07:15.422, 21759188965100, testhost.dll, AssemblyResolver.OnResolve: Microsoft.Windows.SDK.NET: Failed to load assembly.
TpTrace Information: 0 : 27216, 13, 2026/01/09, 23:07:15.422, 21759188965514, testhost.dll, AssemblyResolver.OnResolve: Windows: Resolving assembly.
TpTrace Information: 0 : 27216, 13, 2026/01/09, 23:07:15.422, 21759188965687, testhost.dll, AssemblyResolver.OnResolve: Windows: Resolved from cache.
TpTrace Information: 0 : 27216, 13, 2026/01/09, 23:07:15.422, 21759188965913, testhost.dll, AssemblyResolver.OnResolve: Microsoft.Windows.SDK.NET: Resolving assembly.
TpTrace Information: 0 : 27216, 13, 2026/01/09, 23:07:15.422, 21759188966061, testhost.dll, AssemblyResolver.OnResolve: Microsoft.Windows.SDK.NET: Resolved from cache.
TpTrace Verbose: 0 : 27216, 16, 2026/01/09, 23:07:15.593, 21759190678915, testhost.dll, TestExecutionRecorder.RecordStart: Starting test: DevTests.IntegrationTests.GetOrderByIdEndpoints_Tests.PostOrders_ShouldCreateOrder.
TpTrace Error: 0 : 27216, 16, 2026/01/09, 23:07:15.602, 21759190768207, testhost.dll, [xUnit.net 00:00:00.32]     DevTests.IntegrationTests.GetOrderByIdEndpoints_Tests.PostOrders_ShouldCreateOrder [FAIL]
TpTrace Verbose: 0 : 27216, 16, 2026/01/09, 23:07:15.602, 21759190769861, testhost.dll, TestRequestHandler.SendData: sending data from testhost: {"Version":7,"MessageType":"TestSession.Message","Payload":{"MessageLevel":2,"Message":"[xUnit.net 00:00:00.32]     DevTests.IntegrationTests.GetOrderByIdEndpoints_Tests.PostOrders_ShouldCreateOrder [FAIL]"}}
TpTrace Verbose: 0 : 27216, 16, 2026/01/09, 23:07:15.602, 21759190771510, testhost.dll, MulticastDelegateUtilities.SafeInvoke: TestRunMessageLoggerProxy.SendMessage: Invoking callback 1/1 for Microsoft.VisualStudio.TestPlatform.CrossPlatEngine.Execution.RunTestsWithSources., took 0 ms.
TpTrace Information: 0 : 27216, 16, 2026/01/09, 23:07:15.603, 21759190776878, testhost.dll, [xUnit.net 00:00:00.32]       System.InvalidOperationException : A call was made to 'UseLoggerFactory', but Entity Framework is not building its own internal service provider. Either allow Entity Framework to build the service provider by removing the call to 'UseInternalServiceProvider', or build the 'ILoggerFactory' services to use into the service provider before passing it to 'UseInternalServiceProvider'.
TpTrace Verbose: 0 : 27216, 16, 2026/01/09, 23:07:15.603, 21759190778362, testhost.dll, TestRequestHandler.SendData: sending data from testhost: {"Version":7,"MessageType":"TestSession.Message","Payload":{"MessageLevel":0,"Message":"[xUnit.net 00:00:00.32]       System.InvalidOperationException : A call was made to 'UseLoggerFactory', but Entity Framework is not building its own internal service provider. Either allow Entity Framework to build the service provider by removing the call to 'UseInternalServiceProvider', or build the 'ILoggerFactory' services to use into the service provider before passing it to 'UseInternalServiceProvider'."}}
TpTrace Verbose: 0 : 27216, 16, 2026/01/09, 23:07:15.603, 21759190779916, testhost.dll, MulticastDelegateUtilities.SafeInvoke: TestRunMessageLoggerProxy.SendMessage: Invoking callback 1/1 for Microsoft.VisualStudio.TestPlatform.CrossPlatEngine.Execution.RunTestsWithSources., took 0 ms.
TpTrace Information: 0 : 27216, 16, 2026/01/09, 23:07:15.604, 21759190783849, testhost.dll, [xUnit.net 00:00:00.32]       Stack Trace:
TpTrace Verbose: 0 : 27216, 16, 2026/01/09, 23:07:15.604, 21759190785010, testhost.dll, TestRequestHandler.SendData: sending data from testhost: {"Version":7,"MessageType":"TestSession.Message","Payload":{"MessageLevel":0,"Message":"[xUnit.net 00:00:00.32]       Stack Trace:"}}
TpTrace Verbose: 0 : 27216, 16, 2026/01/09, 23:07:15.604, 21759190786309, testhost.dll, MulticastDelegateUtilities.SafeInvoke: TestRunMessageLoggerProxy.SendMessage: Invoking callback 1/1 for Microsoft.VisualStudio.TestPlatform.CrossPlatEngine.Execution.RunTestsWithSources., took 0 ms.
TpTrace Information: 0 : 27216, 16, 2026/01/09, 23:07:15.604, 21759190790731, testhost.dll, [xUnit.net 00:00:00.32]            at Microsoft.EntityFrameworkCore.Infrastructure.CoreOptionsExtension.Validate(IDbContextOptions options)
TpTrace Verbose: 0 : 27216, 16, 2026/01/09, 23:07:15.605, 21759190791747, testhost.dll, TestRequestHandler.SendData: sending data from testhost: {"Version":7,"MessageType":"TestSession.Message","Payload":{"MessageLevel":0,"Message":"[xUnit.net 00:00:00.32]            at Microsoft.EntityFrameworkCore.Infrastructure.CoreOptionsExtension.Validate(IDbContextOptions options)"}}
TpTrace Verbose: 0 : 27216, 16, 2026/01/09, 23:07:15.605, 21759190792743, testhost.dll, MulticastDelegateUtilities.SafeInvoke: TestRunMessageLoggerProxy.SendMessage: Invoking callback 1/1 for Microsoft.VisualStudio.TestPlatform.CrossPlatEngine.Execution.RunTestsWithSources., took 0 ms.
TpTrace Information: 0 : 27216, 16, 2026/01/09, 23:07:15.605, 21759190793180, testhost.dll, [xUnit.net 00:00:00.32]            at Microsoft.EntityFrameworkCore.Internal.ServiceProviderCache.ValidateOptions(IDbContextOptions options)
TpTrace Verbose: 0 : 27216, 16, 2026/01/09, 23:07:15.605, 21759190793543, testhost.dll, TestRequestHandler.SendData: sending data from testhost: {"Version":7,"MessageType":"TestSession.Message","Payload":{"MessageLevel":0,"Message":"[xUnit.net 00:00:00.32]            at Microsoft.EntityFrameworkCore.Internal.ServiceProviderCache.ValidateOptions(IDbContextOptions options)"}}
TpTrace Verbose: 0 : 27216, 16, 2026/01/09, 23:07:15.605, 21759190793977, testhost.dll, MulticastDelegateUtilities.SafeInvoke: TestRunMessageLoggerProxy.SendMessage: Invoking callback 1/1 for Microsoft.VisualStudio.TestPlatform.CrossPlatEngine.Execution.RunTestsWithSources., took 0 ms.
TpTrace Information: 0 : 27216, 16, 2026/01/09, 23:07:15.605, 21759190794313, testhost.dll, [xUnit.net 00:00:00.32]            at Microsoft.EntityFrameworkCore.Internal.ServiceProviderCache.GetOrAdd(IDbContextOptions options, Boolean providerRequired)
TpTrace Verbose: 0 : 27216, 16, 2026/01/09, 23:07:15.605, 21759190794619, testhost.dll, TestRequestHandler.SendData: sending data from testhost: {"Version":7,"MessageType":"TestSession.Message","Payload":{"MessageLevel":0,"Message":"[xUnit.net 00:00:00.32]            at Microsoft.EntityFrameworkCore.Internal.ServiceProviderCache.GetOrAdd(IDbContextOptions options, Boolean providerRequired)"}}
TpTrace Verbose: 0 : 27216, 16, 2026/01/09, 23:07:15.605, 21759190795006, testhost.dll, MulticastDelegateUtilities.SafeInvoke: TestRunMessageLoggerProxy.SendMessage: Invoking callback 1/1 for Microsoft.VisualStudio.TestPlatform.CrossPlatEngine.Execution.RunTestsWithSources., took 0 ms.
TpTrace Information: 0 : 27216, 16, 2026/01/09, 23:07:15.605, 21759190795305, testhost.dll, [xUnit.net 00:00:00.32]            at Microsoft.EntityFrameworkCore.DbContext..ctor(DbContextOptions options)
TpTrace Verbose: 0 : 27216, 16, 2026/01/09, 23:07:15.605, 21759190795544, testhost.dll, TestRequestHandler.SendData: sending data from testhost: {"Version":7,"MessageType":"TestSession.Message","Payload":{"MessageLevel":0,"Message":"[xUnit.net 00:00:00.32]            at Microsoft.EntityFrameworkCore.DbContext..ctor(DbContextOptions options)"}}
TpTrace Verbose: 0 : 27216, 16, 2026/01/09, 23:07:15.605, 21759190795909, testhost.dll, MulticastDelegateUtilities.SafeInvoke: TestRunMessageLoggerProxy.SendMessage: Invoking callback 1/1 for Microsoft.VisualStudio.TestPlatform.CrossPlatEngine.Execution.RunTestsWithSources., took 0 ms.
TpTrace Information: 0 : 27216, 16, 2026/01/09, 23:07:15.605, 21759190796891, testhost.dll, [xUnit.net 00:00:00.32]         C:\src\github\alex-horvath-net\ModularMonolith\src\Experts\OrderBusinessExpert\Shared\Infrastructure\Data\OrdersDbContext.cs(7,0): at Experts.OrderBusinessExpert.Shared.Infrastructure.Data.OrdersDbContext..ctor(DbContextOptions`1 options)
TpTrace Verbose: 0 : 27216, 16, 2026/01/09, 23:07:15.605, 21759190797599, testhost.dll, TestRequestHandler.SendData: sending data from testhost: {"Version":7,"MessageType":"TestSession.Message","Payload":{"MessageLevel":0,"Message":"[xUnit.net 00:00:00.32]         C:\\src\\github\\alex-horvath-net\\ModularMonolith\\src\\Experts\\OrderBusinessExpert\\Shared\\Infrastructure\\Data\\OrdersDbContext.cs(7,0): at Experts.OrderBusinessExpert.Shared.Infrastructure.Data.OrdersDbContext..ctor(DbContextOptions`1 options)"}}
TpTrace Verbose: 0 : 27216, 16, 2026/01/09, 23:07:15.605, 21759190798863, testhost.dll, MulticastDelegateUtilities.SafeInvoke: TestRunMessageLoggerProxy.SendMessage: Invoking callback 1/1 for Microsoft.VisualStudio.TestPlatform.CrossPlatEngine.Execution.RunTestsWithSources., took 0 ms.
TpTrace Information: 0 : 27216, 16, 2026/01/09, 23:07:15.605, 21759190799317, testhost.dll, [xUnit.net 00:00:00.32]            at System.RuntimeMethodHandle.InvokeMethod(Object target, Void** arguments, Signature sig, Boolean isConstructor)
TpTrace Verbose: 0 : 27216, 16, 2026/01/09, 23:07:15.605, 21759190800509, testhost.dll, TestRequestHandler.SendData: sending data from testhost: {"Version":7,"MessageType":"TestSession.Message","Payload":{"MessageLevel":0,"Message":"[xUnit.net 00:00:00.32]            at System.RuntimeMethodHandle.InvokeMethod(Object target, Void** arguments, Signature sig, Boolean isConstructor)"}}
TpTrace Verbose: 0 : 27216, 16, 2026/01/09, 23:07:15.606, 21759190802081, testhost.dll, MulticastDelegateUtilities.SafeInvoke: TestRunMessageLoggerProxy.SendMessage: Invoking callback 1/1 for Microsoft.VisualStudio.TestPlatform.CrossPlatEngine.Execution.RunTestsWithSources., took 0 ms.
TpTrace Information: 0 : 27216, 16, 2026/01/09, 23:07:15.606, 21759190802983, testhost.dll, [xUnit.net 00:00:00.32]            at System.Reflection.MethodBaseInvoker.InvokeDirectByRefWithFewArgs(Object obj, Span`1 copyOfArgs, BindingFlags invokeAttr)
TpTrace Verbose: 0 : 27216, 16, 2026/01/09, 23:07:15.606, 21759190803633, testhost.dll, TestRequestHandler.SendData: sending data from testhost: {"Version":7,"MessageType":"TestSession.Message","Payload":{"MessageLevel":0,"Message":"[xUnit.net 00:00:00.32]            at System.Reflection.MethodBaseInvoker.InvokeDirectByRefWithFewArgs(Object obj, Span`1 copyOfArgs, BindingFlags invokeAttr)"}}
TpTrace Verbose: 0 : 27216, 16, 2026/01/09, 23:07:15.606, 21759190804449, testhost.dll, MulticastDelegateUtilities.SafeInvoke: TestRunMessageLoggerProxy.SendMessage: Invoking callback 1/1 for Microsoft.VisualStudio.TestPlatform.CrossPlatEngine.Execution.RunTestsWithSources., took 0 ms.
TpTrace Information: 0 : 27216, 16, 2026/01/09, 23:07:15.606, 21759190804847, testhost.dll, [xUnit.net 00:00:00.32]            at System.Reflection.MethodBaseInvoker.InvokeWithOneArg(Object obj, BindingFlags invokeAttr, Binder binder, Object[] parameters, CultureInfo culture)
TpTrace Verbose: 0 : 27216, 16, 2026/01/09, 23:07:15.606, 21759190805133, testhost.dll, TestRequestHandler.SendData: sending data from testhost: {"Version":7,"MessageType":"TestSession.Message","Payload":{"MessageLevel":0,"Message":"[xUnit.net 00:00:00.32]            at System.Reflection.MethodBaseInvoker.InvokeWithOneArg(Object obj, BindingFlags invokeAttr, Binder binder, Object[] parameters, CultureInfo culture)"}}
TpTrace Verbose: 0 : 27216, 16, 2026/01/09, 23:07:15.606, 21759190806331, testhost.dll, MulticastDelegateUtilities.SafeInvoke: TestRunMessageLoggerProxy.SendMessage: Invoking callback 1/1 for Microsoft.VisualStudio.TestPlatform.CrossPlatEngine.Execution.RunTestsWithSources., took 0 ms.
TpTrace Information: 0 : 27216, 16, 2026/01/09, 23:07:15.606, 21759190807153, testhost.dll, [xUnit.net 00:00:00.32]            at System.Reflection.RuntimeConstructorInfo.Invoke(BindingFlags invokeAttr, Binder binder, Object[] parameters, CultureInfo culture)
TpTrace Verbose: 0 : 27216, 16, 2026/01/09, 23:07:15.606, 21759190807593, testhost.dll, TestRequestHandler.SendData: sending data from testhost: {"Version":7,"MessageType":"TestSession.Message","Payload":{"MessageLevel":0,"Message":"[xUnit.net 00:00:00.32]            at System.Reflection.RuntimeConstructorInfo.Invoke(BindingFlags invokeAttr, Binder binder, Object[] parameters, CultureInfo culture)"}}
TpTrace Verbose: 0 : 27216, 16, 2026/01/09, 23:07:15.606, 21759190808740, testhost.dll, MulticastDelegateUtilities.SafeInvoke: TestRunMessageLoggerProxy.SendMessage: Invoking callback 1/1 for Microsoft.VisualStudio.TestPlatform.CrossPlatEngine.Execution.RunTestsWithSources., took 0 ms.
TpTrace Information: 0 : 27216, 16, 2026/01/09, 23:07:15.606, 21759190809162, testhost.dll, [xUnit.net 00:00:00.32]            at Microsoft.Extensions.DependencyInjection.ServiceLookup.CallSiteRuntimeResolver.VisitConstructor(ConstructorCallSite constructorCallSite, RuntimeResolverContext context)
TpTrace Verbose: 0 : 27216, 16, 2026/01/09, 23:07:15.606, 21759190809514, testhost.dll, TestRequestHandler.SendData: sending data from testhost: {"Version":7,"MessageType":"TestSession.Message","Payload":{"MessageLevel":0,"Message":"[xUnit.net 00:00:00.32]            at Microsoft.Extensions.DependencyInjection.ServiceLookup.CallSiteRuntimeResolver.VisitConstructor(ConstructorCallSite constructorCallSite, RuntimeResolverContext context)"}}
TpTrace Verbose: 0 : 27216, 16, 2026/01/09, 23:07:15.606, 21759190809959, testhost.dll, MulticastDelegateUtilities.SafeInvoke: TestRunMessageLoggerProxy.SendMessage: Invoking callback 1/1 for Microsoft.VisualStudio.TestPlatform.CrossPlatEngine.Execution.RunTestsWithSources., took 0 ms.
TpTrace Information: 0 : 27216, 16, 2026/01/09, 23:07:15.606, 21759190810254, testhost.dll, [xUnit.net 00:00:00.32]            at Microsoft.Extensions.DependencyInjection.ServiceLookup.CallSiteVisitor`2.VisitCallSiteMain(ServiceCallSite callSite, TArgument argument)
TpTrace Verbose: 0 : 27216, 16, 2026/01/09, 23:07:15.606, 21759190810590, testhost.dll, TestRequestHandler.SendData: sending data from testhost: {"Version":7,"MessageType":"TestSession.Message","Payload":{"MessageLevel":0,"Message":"[xUnit.net 00:00:00.32]            at Microsoft.Extensions.DependencyInjection.ServiceLookup.CallSiteVisitor`2.VisitCallSiteMain(ServiceCallSite callSite, TArgument argument)"}}
TpTrace Verbose: 0 : 27216, 16, 2026/01/09, 23:07:15.606, 21759190811033, testhost.dll, MulticastDelegateUtilities.SafeInvoke: TestRunMessageLoggerProxy.SendMessage: Invoking callback 1/1 for Microsoft.VisualStudio.TestPlatform.CrossPlatEngine.Execution.RunTestsWithSources., took 0 ms.
TpTrace Information: 0 : 27216, 16, 2026/01/09, 23:07:15.606, 21759190811396, testhost.dll, [xUnit.net 00:00:00.32]            at Microsoft.Extensions.DependencyInjection.ServiceLookup.CallSiteRuntimeResolver.VisitCache(ServiceCallSite callSite, RuntimeResolverContext context, ServiceProviderEngineScope serviceProviderEngine, RuntimeResolverLock lockType)
TpTrace Verbose: 0 : 27216, 16, 2026/01/09, 23:07:15.607, 21759190811662, testhost.dll, TestRequestHandler.SendData: sending data from testhost: {"Version":7,"MessageType":"TestSession.Message","Payload":{"MessageLevel":0,"Message":"[xUnit.net 00:00:00.32]            at Microsoft.Extensions.DependencyInjection.ServiceLookup.CallSiteRuntimeResolver.VisitCache(ServiceCallSite callSite, RuntimeResolverContext context, ServiceProviderEngineScope serviceProviderEngine, RuntimeResolverLock lockType)"}}
TpTrace Verbose: 0 : 27216, 16, 2026/01/09, 23:07:15.607, 21759190812628, testhost.dll, MulticastDelegateUtilities.SafeInvoke: TestRunMessageLoggerProxy.SendMessage: Invoking callback 1/1 for Microsoft.VisualStudio.TestPlatform.CrossPlatEngine.Execution.RunTestsWithSources., took 0 ms.
TpTrace Information: 0 : 27216, 16, 2026/01/09, 23:07:15.607, 21759190813027, testhost.dll, [xUnit.net 00:00:00.32]            at Microsoft.Extensions.DependencyInjection.ServiceLookup.CallSiteRuntimeResolver.VisitScopeCache(ServiceCallSite callSite, RuntimeResolverContext context)
TpTrace Verbose: 0 : 27216, 16, 2026/01/09, 23:07:15.607, 21759190813447, testhost.dll, TestRequestHandler.SendData: sending data from testhost: {"Version":7,"MessageType":"TestSession.Message","Payload":{"MessageLevel":0,"Message":"[xUnit.net 00:00:00.32]            at Microsoft.Extensions.DependencyInjection.ServiceLookup.CallSiteRuntimeResolver.VisitScopeCache(ServiceCallSite callSite, RuntimeResolverContext context)"}}
TpTrace Verbose: 0 : 27216, 16, 2026/01/09, 23:07:15.607, 21759190813954, testhost.dll, MulticastDelegateUtilities.SafeInvoke: TestRunMessageLoggerProxy.SendMessage: Invoking callback 1/1 for Microsoft.VisualStudio.TestPlatform.CrossPlatEngine.Execution.RunTestsWithSources., took 0 ms.
TpTrace Information: 0 : 27216, 16, 2026/01/09, 23:07:15.607, 21759190814261, testhost.dll, [xUnit.net 00:00:00.32]            at Microsoft.Extensions.DependencyInjection.ServiceLookup.CallSiteVisitor`2.VisitCallSite(ServiceCallSite callSite, TArgument argument)
TpTrace Verbose: 0 : 27216, 16, 2026/01/09, 23:07:15.607, 21759190814571, testhost.dll, TestRequestHandler.SendData: sending data from testhost: {"Version":7,"MessageType":"TestSession.Message","Payload":{"MessageLevel":0,"Message":"[xUnit.net 00:00:00.32]            at Microsoft.Extensions.DependencyInjection.ServiceLookup.CallSiteVisitor`2.VisitCallSite(ServiceCallSite callSite, TArgument argument)"}}
TpTrace Verbose: 0 : 27216, 16, 2026/01/09, 23:07:15.607, 21759190815554, testhost.dll, MulticastDelegateUtilities.SafeInvoke: TestRunMessageLoggerProxy.SendMessage: Invoking callback 1/1 for Microsoft.VisualStudio.TestPlatform.CrossPlatEngine.Execution.RunTestsWithSources., took 0 ms.
TpTrace Information: 0 : 27216, 16, 2026/01/09, 23:07:15.607, 21759190816135, testhost.dll, [xUnit.net 00:00:00.32]            at Microsoft.Extensions.DependencyInjection.ServiceLookup.CallSiteRuntimeResolver.Resolve(ServiceCallSite callSite, ServiceProviderEngineScope scope)
TpTrace Verbose: 0 : 27216, 16, 2026/01/09, 23:07:15.607, 21759190816527, testhost.dll, TestRequestHandler.SendData: sending data from testhost: {"Version":7,"MessageType":"TestSession.Message","Payload":{"MessageLevel":0,"Message":"[xUnit.net 00:00:00.32]            at Microsoft.Extensions.DependencyInjection.ServiceLookup.CallSiteRuntimeResolver.Resolve(ServiceCallSite callSite, ServiceProviderEngineScope scope)"}}
TpTrace Verbose: 0 : 27216, 16, 2026/01/09, 23:07:15.607, 21759190817137, testhost.dll, MulticastDelegateUtilities.SafeInvoke: TestRunMessageLoggerProxy.SendMessage: Invoking callback 1/1 for Microsoft.VisualStudio.TestPlatform.CrossPlatEngine.Execution.RunTestsWithSources., took 0 ms.
TpTrace Information: 0 : 27216, 16, 2026/01/09, 23:07:15.607, 21759190817453, testhost.dll, [xUnit.net 00:00:00.32]            at Microsoft.Extensions.DependencyInjection.ServiceLookup.DynamicServiceProviderEngine.<>c__DisplayClass2_0.<RealizeService>b__0(ServiceProviderEngineScope scope)
TpTrace Verbose: 0 : 27216, 16, 2026/01/09, 23:07:15.607, 21759190817776, testhost.dll, TestRequestHandler.SendData: sending data from testhost: {"Version":7,"MessageType":"TestSession.Message","Payload":{"MessageLevel":0,"Message":"[xUnit.net 00:00:00.32]            at Microsoft.Extensions.DependencyInjection.ServiceLookup.DynamicServiceProviderEngine.<>c__DisplayClass2_0.<RealizeService>b__0(ServiceProviderEngineScope scope)"}}
TpTrace Verbose: 0 : 27216, 16, 2026/01/09, 23:07:15.607, 21759190818155, testhost.dll, MulticastDelegateUtilities.SafeInvoke: TestRunMessageLoggerProxy.SendMessage: Invoking callback 1/1 for Microsoft.VisualStudio.TestPlatform.CrossPlatEngine.Execution.RunTestsWithSources., took 0 ms.
TpTrace Information: 0 : 27216, 16, 2026/01/09, 23:07:15.607, 21759190820416, testhost.dll, [xUnit.net 00:00:00.32]            at Microsoft.Extensions.DependencyInjection.ServiceProvider.GetService(ServiceIdentifier serviceIdentifier, ServiceProviderEngineScope serviceProviderEngineScope)
TpTrace Verbose: 0 : 27216, 16, 2026/01/09, 23:07:15.607, 21759190821081, testhost.dll, TestRequestHandler.SendData: sending data from testhost: {"Version":7,"MessageType":"TestSession.Message","Payload":{"MessageLevel":0,"Message":"[xUnit.net 00:00:00.32]            at Microsoft.Extensions.DependencyInjection.ServiceProvider.GetService(ServiceIdentifier serviceIdentifier, ServiceProviderEngineScope serviceProviderEngineScope)"}}
TpTrace Verbose: 0 : 27216, 16, 2026/01/09, 23:07:15.608, 21759190822092, testhost.dll, MulticastDelegateUtilities.SafeInvoke: TestRunMessageLoggerProxy.SendMessage: Invoking callback 1/1 for Microsoft.VisualStudio.TestPlatform.CrossPlatEngine.Execution.RunTestsWithSources., took 0 ms.
TpTrace Information: 0 : 27216, 16, 2026/01/09, 23:07:15.608, 21759190822600, testhost.dll, [xUnit.net 00:00:00.32]            at Microsoft.Extensions.DependencyInjection.ServiceLookup.ServiceProviderEngineScope.GetService(Type serviceType)
TpTrace Verbose: 0 : 27216, 16, 2026/01/09, 23:07:15.608, 21759190822957, testhost.dll, TestRequestHandler.SendData: sending data from testhost: {"Version":7,"MessageType":"TestSession.Message","Payload":{"MessageLevel":0,"Message":"[xUnit.net 00:00:00.32]            at Microsoft.Extensions.DependencyInjection.ServiceLookup.ServiceProviderEngineScope.GetService(Type serviceType)"}}
TpTrace Verbose: 0 : 27216, 16, 2026/01/09, 23:07:15.608, 21759190823465, testhost.dll, MulticastDelegateUtilities.SafeInvoke: TestRunMessageLoggerProxy.SendMessage: Invoking callback 1/1 for Microsoft.VisualStudio.TestPlatform.CrossPlatEngine.Execution.RunTestsWithSources., took 0 ms.
TpTrace Information: 0 : 27216, 16, 2026/01/09, 23:07:15.608, 21759190823914, testhost.dll, [xUnit.net 00:00:00.32]            at Microsoft.Extensions.DependencyInjection.ServiceProviderServiceExtensions.GetRequiredService(IServiceProvider provider, Type serviceType)
TpTrace Verbose: 0 : 27216, 16, 2026/01/09, 23:07:15.608, 21759190824248, testhost.dll, TestRequestHandler.SendData: sending data from testhost: {"Version":7,"MessageType":"TestSession.Message","Payload":{"MessageLevel":0,"Message":"[xUnit.net 00:00:00.32]            at Microsoft.Extensions.DependencyInjection.ServiceProviderServiceExtensions.GetRequiredService(IServiceProvider provider, Type serviceType)"}}
TpTrace Verbose: 0 : 27216, 16, 2026/01/09, 23:07:15.608, 21759190824964, testhost.dll, MulticastDelegateUtilities.SafeInvoke: TestRunMessageLoggerProxy.SendMessage: Invoking callback 1/1 for Microsoft.VisualStudio.TestPlatform.CrossPlatEngine.Execution.RunTestsWithSources., took 0 ms.
TpTrace Information: 0 : 27216, 16, 2026/01/09, 23:07:15.608, 21759190826558, testhost.dll, [xUnit.net 00:00:00.32]            at Microsoft.Extensions.DependencyInjection.ServiceProviderServiceExtensions.GetRequiredService[T](IServiceProvider provider)
TpTrace Verbose: 0 : 27216, 16, 2026/01/09, 23:07:15.608, 21759190827351, testhost.dll, TestRequestHandler.SendData: sending data from testhost: {"Version":7,"MessageType":"TestSession.Message","Payload":{"MessageLevel":0,"Message":"[xUnit.net 00:00:00.32]            at Microsoft.Extensions.DependencyInjection.ServiceProviderServiceExtensions.GetRequiredService[T](IServiceProvider provider)"}}
TpTrace Verbose: 0 : 27216, 16, 2026/01/09, 23:07:15.608, 21759190828105, testhost.dll, MulticastDelegateUtilities.SafeInvoke: TestRunMessageLoggerProxy.SendMessage: Invoking callback 1/1 for Microsoft.VisualStudio.TestPlatform.CrossPlatEngine.Execution.RunTestsWithSources., took 0 ms.
TpTrace Information: 0 : 27216, 16, 2026/01/09, 23:07:15.608, 21759190828730, testhost.dll, [xUnit.net 00:00:00.32]         C:\src\github\alex-horvath-net\ModularMonolith\src\Experts\OrderBusinessExpert\OrdersExtensions.cs(61,0): at Experts.OrderBusinessExpert.OrdersExtensions.MapOrders(WebApplication app)
TpTrace Verbose: 0 : 27216, 16, 2026/01/09, 23:07:15.608, 21759190829272, testhost.dll, TestRequestHandler.SendData: sending data from testhost: {"Version":7,"MessageType":"TestSession.Message","Payload":{"MessageLevel":0,"Message":"[xUnit.net 00:00:00.32]         C:\\src\\github\\alex-horvath-net\\ModularMonolith\\src\\Experts\\OrderBusinessExpert\\OrdersExtensions.cs(61,0): at Experts.OrderBusinessExpert.OrdersExtensions.MapOrders(WebApplication app)"}}
TpTrace Verbose: 0 : 27216, 16, 2026/01/09, 23:07:15.608, 21759190830732, testhost.dll, MulticastDelegateUtilities.SafeInvoke: TestRunMessageLoggerProxy.SendMessage: Invoking callback 1/1 for Microsoft.VisualStudio.TestPlatform.CrossPlatEngine.Execution.RunTestsWithSources., took 0 ms.
TpTrace Information: 0 : 27216, 16, 2026/01/09, 23:07:15.609, 21759190831750, testhost.dll, [xUnit.net 00:00:00.32]         C:\src\github\alex-horvath-net\ModularMonolith\src\ApplicationApi\Program.cs(23,0): at Program.<Main>$(String[] args)
TpTrace Verbose: 0 : 27216, 16, 2026/01/09, 23:07:15.609, 21759190832194, testhost.dll, TestRequestHandler.SendData: sending data from testhost: {"Version":7,"MessageType":"TestSession.Message","Payload":{"MessageLevel":0,"Message":"[xUnit.net 00:00:00.32]         C:\\src\\github\\alex-horvath-net\\ModularMonolith\\src\\ApplicationApi\\Program.cs(23,0): at Program.<Main>$(String[] args)"}}
TpTrace Verbose: 0 : 27216, 16, 2026/01/09, 23:07:15.609, 21759190833595, testhost.dll, MulticastDelegateUtilities.SafeInvoke: TestRunMessageLoggerProxy.SendMessage: Invoking callback 1/1 for Microsoft.VisualStudio.TestPlatform.CrossPlatEngine.Execution.RunTestsWithSources., took 0 ms.
TpTrace Information: 0 : 27216, 16, 2026/01/09, 23:07:15.609, 21759190834655, testhost.dll, [xUnit.net 00:00:00.32]            at System.RuntimeMethodHandle.InvokeMethod(Object target, Void** arguments, Signature sig, Boolean isConstructor)
TpTrace Verbose: 0 : 27216, 16, 2026/01/09, 23:07:15.609, 21759190835515, testhost.dll, TestRequestHandler.SendData: sending data from testhost: {"Version":7,"MessageType":"TestSession.Message","Payload":{"MessageLevel":0,"Message":"[xUnit.net 00:00:00.32]            at System.RuntimeMethodHandle.InvokeMethod(Object target, Void** arguments, Signature sig, Boolean isConstructor)"}}
TpTrace Verbose: 0 : 27216, 16, 2026/01/09, 23:07:15.609, 21759190836420, testhost.dll, MulticastDelegateUtilities.SafeInvoke: TestRunMessageLoggerProxy.SendMessage: Invoking callback 1/1 for Microsoft.VisualStudio.TestPlatform.CrossPlatEngine.Execution.RunTestsWithSources., took 0 ms.
TpTrace Information: 0 : 27216, 16, 2026/01/09, 23:07:15.609, 21759190837453, testhost.dll, [xUnit.net 00:00:00.32]            at System.Reflection.MethodBaseInvoker.InvokeDirectByRefWithFewArgs(Object obj, Span`1 copyOfArgs, BindingFlags invokeAttr)
TpTrace Verbose: 0 : 27216, 16, 2026/01/09, 23:07:15.609, 21759190838470, testhost.dll, TestRequestHandler.SendData: sending data from testhost: {"Version":7,"MessageType":"TestSession.Message","Payload":{"MessageLevel":0,"Message":"[xUnit.net 00:00:00.32]            at System.Reflection.MethodBaseInvoker.InvokeDirectByRefWithFewArgs(Object obj, Span`1 copyOfArgs, BindingFlags invokeAttr)"}}
TpTrace Verbose: 0 : 27216, 16, 2026/01/09, 23:07:15.609, 21759190839486, testhost.dll, MulticastDelegateUtilities.SafeInvoke: TestRunMessageLoggerProxy.SendMessage: Invoking callback 1/1 for Microsoft.VisualStudio.TestPlatform.CrossPlatEngine.Execution.RunTestsWithSources., took 0 ms.
TpTrace Information: 0 : 27216, 16, 2026/01/09, 23:07:15.609, 21759190840191, testhost.dll, [xUnit.net 00:00:00.32]         --- End of stack trace from previous location ---
TpTrace Verbose: 0 : 27216, 16, 2026/01/09, 23:07:15.609, 21759190840609, testhost.dll, TestRequestHandler.SendData: sending data from testhost: {"Version":7,"MessageType":"TestSession.Message","Payload":{"MessageLevel":0,"Message":"[xUnit.net 00:00:00.32]         --- End of stack trace from previous location ---"}}
TpTrace Verbose: 0 : 27216, 16, 2026/01/09, 23:07:15.609, 21759190841378, testhost.dll, MulticastDelegateUtilities.SafeInvoke: TestRunMessageLoggerProxy.SendMessage: Invoking callback 1/1 for Microsoft.VisualStudio.TestPlatform.CrossPlatEngine.Execution.RunTestsWithSources., took 0 ms.
TpTrace Information: 0 : 27216, 16, 2026/01/09, 23:07:15.610, 21759190841757, testhost.dll, [xUnit.net 00:00:00.32]            at Microsoft.AspNetCore.Mvc.Testing.DeferredHostBuilder.DeferredHost.StartAsync(CancellationToken cancellationToken)
TpTrace Verbose: 0 : 27216, 16, 2026/01/09, 23:07:15.610, 21759190842185, testhost.dll, TestRequestHandler.SendData: sending data from testhost: {"Version":7,"MessageType":"TestSession.Message","Payload":{"MessageLevel":0,"Message":"[xUnit.net 00:00:00.32]            at Microsoft.AspNetCore.Mvc.Testing.DeferredHostBuilder.DeferredHost.StartAsync(CancellationToken cancellationToken)"}}
TpTrace Verbose: 0 : 27216, 16, 2026/01/09, 23:07:15.610, 21759190842845, testhost.dll, MulticastDelegateUtilities.SafeInvoke: TestRunMessageLoggerProxy.SendMessage: Invoking callback 1/1 for Microsoft.VisualStudio.TestPlatform.CrossPlatEngine.Execution.RunTestsWithSources., took 0 ms.
TpTrace Information: 0 : 27216, 16, 2026/01/09, 23:07:15.610, 21759190843228, testhost.dll, [xUnit.net 00:00:00.32]            at Microsoft.Extensions.Hosting.HostingAbstractionsHostExtensions.Start(IHost host)
TpTrace Verbose: 0 : 27216, 16, 2026/01/09, 23:07:15.610, 21759190843650, testhost.dll, TestRequestHandler.SendData: sending data from testhost: {"Version":7,"MessageType":"TestSession.Message","Payload":{"MessageLevel":0,"Message":"[xUnit.net 00:00:00.32]            at Microsoft.Extensions.Hosting.HostingAbstractionsHostExtensions.Start(IHost host)"}}
TpTrace Verbose: 0 : 27216, 16, 2026/01/09, 23:07:15.610, 21759190844994, testhost.dll, MulticastDelegateUtilities.SafeInvoke: TestRunMessageLoggerProxy.SendMessage: Invoking callback 1/1 for Microsoft.VisualStudio.TestPlatform.CrossPlatEngine.Execution.RunTestsWithSources., took 0 ms.
TpTrace Information: 0 : 27216, 16, 2026/01/09, 23:07:15.610, 21759190845651, testhost.dll, [xUnit.net 00:00:00.32]            at Microsoft.AspNetCore.Mvc.Testing.WebApplicationFactory`1.CreateHost(IHostBuilder builder)
TpTrace Verbose: 0 : 27216, 16, 2026/01/09, 23:07:15.610, 21759190846156, testhost.dll, TestRequestHandler.SendData: sending data from testhost: {"Version":7,"MessageType":"TestSession.Message","Payload":{"MessageLevel":0,"Message":"[xUnit.net 00:00:00.32]            at Microsoft.AspNetCore.Mvc.Testing.WebApplicationFactory`1.CreateHost(IHostBuilder builder)"}}
TpTrace Verbose: 0 : 27216, 16, 2026/01/09, 23:07:15.610, 21759190846878, testhost.dll, MulticastDelegateUtilities.SafeInvoke: TestRunMessageLoggerProxy.SendMessage: Invoking callback 1/1 for Microsoft.VisualStudio.TestPlatform.CrossPlatEngine.Execution.RunTestsWithSources., took 0 ms.
TpTrace Information: 0 : 27216, 16, 2026/01/09, 23:07:15.610, 21759190847241, testhost.dll, [xUnit.net 00:00:00.32]            at Microsoft.AspNetCore.Mvc.Testing.WebApplicationFactory`1.ConfigureHostBuilder(IHostBuilder hostBuilder)
TpTrace Verbose: 0 : 27216, 16, 2026/01/09, 23:07:15.610, 21759190847587, testhost.dll, TestRequestHandler.SendData: sending data from testhost: {"Version":7,"MessageType":"TestSession.Message","Payload":{"MessageLevel":0,"Message":"[xUnit.net 00:00:00.32]            at Microsoft.AspNetCore.Mvc.Testing.WebApplicationFactory`1.ConfigureHostBuilder(IHostBuilder hostBuilder)"}}
TpTrace Verbose: 0 : 27216, 16, 2026/01/09, 23:07:15.610, 21759190848080, testhost.dll, MulticastDelegateUtilities.SafeInvoke: TestRunMessageLoggerProxy.SendMessage: Invoking callback 1/1 for Microsoft.VisualStudio.TestPlatform.CrossPlatEngine.Execution.RunTestsWithSources., took 0 ms.
TpTrace Information: 0 : 27216, 16, 2026/01/09, 23:07:15.610, 21759190848874, testhost.dll, [xUnit.net 00:00:00.32]            at Microsoft.AspNetCore.Mvc.Testing.WebApplicationFactory`1.EnsureServer()
TpTrace Verbose: 0 : 27216, 16, 2026/01/09, 23:07:15.610, 21759190849419, testhost.dll, TestRequestHandler.SendData: sending data from testhost: {"Version":7,"MessageType":"TestSession.Message","Payload":{"MessageLevel":0,"Message":"[xUnit.net 00:00:00.32]            at Microsoft.AspNetCore.Mvc.Testing.WebApplicationFactory`1.EnsureServer()"}}
TpTrace Verbose: 0 : 27216, 16, 2026/01/09, 23:07:15.610, 21759190850086, testhost.dll, MulticastDelegateUtilities.SafeInvoke: TestRunMessageLoggerProxy.SendMessage: Invoking callback 1/1 for Microsoft.VisualStudio.TestPlatform.CrossPlatEngine.Execution.RunTestsWithSources., took 0 ms.
TpTrace Information: 0 : 27216, 16, 2026/01/09, 23:07:15.610, 21759190850393, testhost.dll, [xUnit.net 00:00:00.32]            at Microsoft.AspNetCore.Mvc.Testing.WebApplicationFactory`1.get_Services()
TpTrace Verbose: 0 : 27216, 16, 2026/01/09, 23:07:15.610, 21759190850745, testhost.dll, TestRequestHandler.SendData: sending data from testhost: {"Version":7,"MessageType":"TestSession.Message","Payload":{"MessageLevel":0,"Message":"[xUnit.net 00:00:00.32]            at Microsoft.AspNetCore.Mvc.Testing.WebApplicationFactory`1.get_Services()"}}
TpTrace Verbose: 0 : 27216, 16, 2026/01/09, 23:07:15.610, 21759190851137, testhost.dll, MulticastDelegateUtilities.SafeInvoke: TestRunMessageLoggerProxy.SendMessage: Invoking callback 1/1 for Microsoft.VisualStudio.TestPlatform.CrossPlatEngine.Execution.RunTestsWithSources., took 0 ms.
TpTrace Information: 0 : 27216, 16, 2026/01/09, 23:07:15.611, 21759190851572, testhost.dll, [xUnit.net 00:00:00.32]         C:\src\github\alex-horvath-net\ModularMonolith\src\DevTests\IntegrationTests\WebAppFactory.cs(52,0): at DevTests.IntegrationTests.WebAppFactory.InitializeAsync()
TpTrace Verbose: 0 : 27216, 16, 2026/01/09, 23:07:15.611, 21759190851859, testhost.dll, TestRequestHandler.SendData: sending data from testhost: {"Version":7,"MessageType":"TestSession.Message","Payload":{"MessageLevel":0,"Message":"[xUnit.net 00:00:00.32]         C:\\src\\github\\alex-horvath-net\\ModularMonolith\\src\\DevTests\\IntegrationTests\\WebAppFactory.cs(52,0): at DevTests.IntegrationTests.WebAppFactory.InitializeAsync()"}}
TpTrace Verbose: 0 : 27216, 16, 2026/01/09, 23:07:15.611, 21759190852304, testhost.dll, MulticastDelegateUtilities.SafeInvoke: TestRunMessageLoggerProxy.SendMessage: Invoking callback 1/1 for Microsoft.VisualStudio.TestPlatform.CrossPlatEngine.Execution.RunTestsWithSources., took 0 ms.
TpTrace Verbose: 0 : 27216, 16, 2026/01/09, 23:07:15.616, 21759190909420, testhost.dll, TestExecutionRecorder.RecordResult: Received result for test: DevTests.IntegrationTests.GetOrderByIdEndpoints_Tests.PostOrders_ShouldCreateOrder.
TpTrace Verbose: 0 : 27216, 16, 2026/01/09, 23:07:15.619, 21759190940182, testhost.dll, TestExecutionRecorder.RecordEnd: test: DevTests.IntegrationTests.GetOrderByIdEndpoints_Tests.PostOrders_ShouldCreateOrder execution completed.
TpTrace Warning: 0 : 27216, 16, 2026/01/09, 23:07:15.620, 21759190941544, testhost.dll, TestRunCache: InProgressTests is null
TpTrace Information: 0 : 27216, 16, 2026/01/09, 23:07:15.622, 21759190970406, testhost.dll, [xUnit.net 00:00:00.34]   Finished:    DevTests
TpTrace Verbose: 0 : 27216, 16, 2026/01/09, 23:07:15.623, 21759190971631, testhost.dll, TestRequestHandler.SendData: sending data from testhost: {"Version":7,"MessageType":"TestSession.Message","Payload":{"MessageLevel":0,"Message":"[xUnit.net 00:00:00.34]   Finished:    DevTests"}}
TpTrace Verbose: 0 : 27216, 16, 2026/01/09, 23:07:15.623, 21759190973265, testhost.dll, MulticastDelegateUtilities.SafeInvoke: TestRunMessageLoggerProxy.SendMessage: Invoking callback 1/1 for Microsoft.VisualStudio.TestPlatform.CrossPlatEngine.Execution.RunTestsWithSources., took 0 ms.
TpTrace Verbose: 0 : 27216, 4, 2026/01/09, 23:07:15.627, 21759191018348, testhost.dll, BaseRunTests.RunTestInternalWithExecutors: Completed running tests for executor://xunit/VsTestRunner3/netcore/
TpTrace Information: 0 : 27216, 4, 2026/01/09, 23:07:15.631, 21759191053822, testhost.dll, Sending test run complete
TpTrace Verbose: 0 : 27216, 4, 2026/01/09, 23:07:15.657, 21759191319842, testhost.dll, TestRequestHandler.SendData: sending data from testhost: {"Version":7,"MessageType":"TestExecution.Completed","Payload":{"TestRunCompleteArgs":{"TestRunStatistics":{"ExecutedTests":1,"Stats":{"Failed":1}},"IsCanceled":false,"IsAborted":false,"Error":null,"AttachmentSets":[],"InvokedDataCollectors":[],"ElapsedTimeInRunningTests":"00:00:00.3507881","Metrics":{},"DiscoveredExtensions":{"TestDiscoverers":["Xunit.Runner.VisualStudio.VsTestRunner, xunit.runner.visualstudio.testadapter, Version=3.1.5.0, Culture=neutral, PublicKeyToken=null"],"TestExecutors":["executor://xunit/VsTestRunner3/netcore/"],"TestExecutors2":[],"TestSettingsProviders":[]}},"LastRunTests":{"NewTestResults":[{"TestCase":{"Id":"acc8b659-ccc4-a074-abf0-c8e2df817bad","FullyQualifiedName":"DevTests.IntegrationTests.GetOrderByIdEndpoints_Tests.PostOrders_ShouldCreateOrder","DisplayName":"DevTests.IntegrationTests.GetOrderByIdEndpoints_Tests.PostOrders_ShouldCreateOrder","ExecutorUri":"executor://xunit/VsTestRunner3/netcore/","Source":"C:\\src\\github\\alex-horvath-net\\ModularMonolith\\src\\DevTests\\bin\\Debug\\net9.0\\DevTests.dll","CodeFilePath":null,"LineNumber":0,"Properties":[{"Key":{"Id":"TestCase.ManagedType","Label":"ManagedType","Category":"","Description":"","Attributes":1,"ValueType":"System.String"},"Value":"DevTests.IntegrationTests.GetOrderByIdEndpoints_Tests"},{"Key":{"Id":"TestCase.ManagedMethod","Label":"ManagedMethod","Category":"","Description":"","Attributes":1,"ValueType":"System.String"},"Value":"PostOrders_ShouldCreateOrder"},{"Key":{"Id":"XunitTestCaseUniqueID","Label":"xUnit.net Test Case Unique ID","Category":"","Description":"","Attributes":0,"ValueType":"System.String"},"Value":"7409e00bf6015bcba9e8c3756e70ecb8f28c1b1a"},{"Key":{"Id":"XunitTestCaseExplicit","Label":"xUnit.net Test Case Explicit Flag","Category":"","Description":"","Attributes":0,"ValueType":"System.Boolean"},"Value":false}]},"Attachments":[],"Outcome":2,"ErrorMessage":"System.InvalidOperationException : A call was made to 'UseLoggerFactory', but Entity Framework is not building its own internal service provider. Either allow Entity Framework to build the service provider by removing the call to 'UseInternalServiceProvider', or build the 'ILoggerFactory' services to use into the service provider before passing it to 'UseInternalServiceProvider'.","ErrorStackTrace":"   at Microsoft.EntityFrameworkCore.Infrastructure.CoreOptionsExtension.Validate(IDbContextOptions options)\r\n   at Microsoft.EntityFrameworkCore.Internal.ServiceProviderCache.ValidateOptions(IDbContextOptions options)\r\n   at Microsoft.EntityFrameworkCore.Internal.ServiceProviderCache.GetOrAdd(IDbContextOptions options, Boolean providerRequired)\r\n   at Microsoft.EntityFrameworkCore.DbContext..ctor(DbContextOptions options)\r\n   at Experts.OrderBusinessExpert.Shared.Infrastructure.Data.OrdersDbContext..ctor(DbContextOptions`1 options) in C:\\src\\github\\alex-horvath-net\\ModularMonolith\\src\\Experts\\OrderBusinessExpert\\Shared\\Infrastructure\\Data\\OrdersDbContext.cs:line 7\r\n   at System.RuntimeMethodHandle.InvokeMethod(Object target, Void** arguments, Signature sig, Boolean isConstructor)\r\n   at System.Reflection.MethodBaseInvoker.InvokeDirectByRefWithFewArgs(Object obj, Span`1 copyOfArgs, BindingFlags invokeAttr)\r\n   at System.Reflection.MethodBaseInvoker.InvokeWithOneArg(Object obj, BindingFlags invokeAttr, Binder binder, Object[] parameters, CultureInfo culture)\r\n   at System.Reflection.RuntimeConstructorInfo.Invoke(BindingFlags invokeAttr, Binder binder, Object[] parameters, CultureInfo culture)\r\n   at Microsoft.Extensions.DependencyInjection.ServiceLookup.CallSiteRuntimeResolver.VisitConstructor(ConstructorCallSite constructorCallSite, RuntimeResolverContext context)\r\n   at Microsoft.Extensions.DependencyInjection.ServiceLookup.CallSiteVisitor`2.VisitCallSiteMain(ServiceCallSite callSite, TArgument argument)\r\n   at Microsoft.Extensions.DependencyInjection.ServiceLookup.CallSiteRuntimeResolver.VisitCache(ServiceCallSite callSite, RuntimeResolverContext context, ServiceProviderEngineScope serviceProviderEngine, RuntimeResolverLock lockType)\r\n   at Microsoft.Extensions.DependencyInjection.ServiceLookup.CallSiteRuntimeResolver.VisitScopeCache(ServiceCallSite callSite, RuntimeResolverContext context)\r\n   at Microsoft.Extensions.DependencyInjection.ServiceLookup.CallSiteVisitor`2.VisitCallSite(ServiceCallSite callSite, TArgument argument)\r\n   at Microsoft.Extensions.DependencyInjection.ServiceLookup.CallSiteRuntimeResolver.Resolve(ServiceCallSite callSite, ServiceProviderEngineScope scope)\r\n   at Microsoft.Extensions.DependencyInjection.ServiceLookup.DynamicServiceProviderEngine.<>c__DisplayClass2_0.<RealizeService>b__0(ServiceProviderEngineScope scope)\r\n   at Microsoft.Extensions.DependencyInjection.ServiceProvider.GetService(ServiceIdentifier serviceIdentifier, ServiceProviderEngineScope serviceProviderEngineScope)\r\n   at Microsoft.Extensions.DependencyInjection.ServiceLookup.ServiceProviderEngineScope.GetService(Type serviceType)\r\n   at Microsoft.Extensions.DependencyInjection.ServiceProviderServiceExtensions.GetRequiredService(IServiceProvider provider, Type serviceType)\r\n   at Microsoft.Extensions.DependencyInjection.ServiceProviderServiceExtensions.GetRequiredService[T](IServiceProvider provider)\r\n   at Experts.OrderBusinessExpert.OrdersExtensions.MapOrders(WebApplication app) in C:\\src\\github\\alex-horvath-net\\ModularMonolith\\src\\Experts\\OrderBusinessExpert\\OrdersExtensions.cs:line 61\r\n   at Program.<Main>$(String[] args) in C:\\src\\github\\alex-horvath-net\\ModularMonolith\\src\\ApplicationApi\\Program.cs:line 23\r\n   at System.RuntimeMethodHandle.InvokeMethod(Object target, Void** arguments, Signature sig, Boolean isConstructor)\r\n   at System.Reflection.MethodBaseInvoker.InvokeDirectByRefWithFewArgs(Object obj, Span`1 copyOfArgs, BindingFlags invokeAttr)\r\n--- End of stack trace from previous location ---\r\n   at Microsoft.AspNetCore.Mvc.Testing.DeferredHostBuilder.DeferredHost.StartAsync(CancellationToken cancellationToken)\r\n   at Microsoft.Extensions.Hosting.HostingAbstractionsHostExtensions.Start(IHost host)\r\n   at Microsoft.AspNetCore.Mvc.Testing.WebApplicationFactory`1.CreateHost(IHostBuilder builder)\r\n   at Microsoft.AspNetCore.Mvc.Testing.WebApplicationFactory`1.ConfigureHostBuilder(IHostBuilder hostBuilder)\r\n   at Microsoft.AspNetCore.Mvc.Testing.WebApplicationFactory`1.EnsureServer()\r\n   at Microsoft.AspNetCore.Mvc.Testing.WebApplicationFactory`1.get_Services()\r\n   at DevTests.IntegrationTests.WebAppFactory.InitializeAsync() in C:\\src\\github\\alex-horvath-net\\ModularMonolith\\src\\DevTests\\IntegrationTests\\WebAppFactory.cs:line 52","DisplayName":"DevTests.IntegrationTests.GetOrderByIdEndpoints_Tests.PostOrders_ShouldCreateOrder","Messages":[],"ComputerName":"ALADARLAPTOP","Duration":"00:00:00.0010000","StartTime":"2026-01-09T23:07:15.5953027+00:00","EndTime":"2026-01-09T23:07:15.6007593+00:00","Properties":[]}],"TestRunStatistics":{"ExecutedTests":1,"Stats":{"Failed":1}},"ActiveTests":[]},"RunAttachments":[],"ExecutorUris":["executor://xunit/VsTestRunner3/netcore/"]}}
TpTrace Verbose: 0 : 27216, 4, 2026/01/09, 23:07:15.658, 21759191324615, testhost.dll, BaseRunTests.RunTests: Run is complete.
TpTrace Verbose: 0 : 27216, 8, 2026/01/09, 23:07:15.659, 21759191331870, testhost.dll, TcpClientExtensions.MessageLoopAsync: NotifyDataAvailable remoteEndPoint: [::ffff:127.0.0.1]:64865 localEndPoint: [::ffff:127.0.0.1]:64866
TpTrace Information: 0 : 27216, 8, 2026/01/09, 23:07:15.659, 21759191333013, testhost.dll, TestRequestHandler.OnMessageReceived: received message: (TestSession.Terminate) -> {"MessageType":"TestSession.Terminate","Payload":null}
TpTrace Information: 0 : 27216, 8, 2026/01/09, 23:07:15.659, 21759191333232, testhost.dll, Session End message received from server. Closing the connection.
TpTrace Information: 0 : 27216, 2, 2026/01/09, 23:07:15.659, 21759191336831, testhost.dll, SocketClient.Stop: Stop communication from server endpoint: 127.0.0.1:064865
TpTrace Information: 0 : 27216, 8, 2026/01/09, 23:07:15.659, 21759191336919, testhost.dll, SocketClient.Stop: Stop communication from server endpoint: 127.0.0.1:064865
TpTrace Information: 0 : 27216, 2, 2026/01/09, 23:07:15.659, 21759191337455, testhost.dll, SocketClient: Stop: Cancellation requested. Stopping message loop.
TpTrace Information: 0 : 27216, 8, 2026/01/09, 23:07:15.659, 21759191337915, testhost.dll, SocketClient: Stop: Cancellation requested. Stopping message loop.
TpTrace Verbose: 0 : 27216, 2, 2026/01/09, 23:07:15.659, 21759191339478, testhost.dll, LengthPrefixCommunicationChannel.Dispose: Dispose reader and writer.
TpTrace Verbose: 0 : 27216, 8, 2026/01/09, 23:07:15.659, 21759191339509, testhost.dll, LengthPrefixCommunicationChannel.Dispose: Dispose reader and writer.
TpTrace Information: 0 : 27216, 8, 2026/01/09, 23:07:15.659, 21759191340154, testhost.dll, Closing the connection !
TpTrace Information: 0 : 27216, 2, 2026/01/09, 23:07:15.659, 21759191340244, testhost.dll, Testhost process exiting.
TpTrace Verbose: 0 : 27216, 8, 2026/01/09, 23:07:15.659, 21759191340385, testhost.dll, MulticastDelegateUtilities.SafeInvoke: LengthPrefixCommunicationChannel: MessageReceived: Invoking callback 1/1 for Microsoft.VisualStudio.TestPlatform.CommunicationUtilities.TestRequestHandler., took 0 ms.
TpTrace Information: 0 : 27216, 8, 2026/01/09, 23:07:15.660, 21759191343118, testhost.dll, SocketClient.PrivateStop: Stop communication from server endpoint: 127.0.0.1:064865, error:
TpTrace Verbose: 0 : 27216, 8, 2026/01/09, 23:07:15.660, 21759191346660, testhost.dll, LengthPrefixCommunicationChannel.Dispose: Dispose reader and writer.
TpTrace Verbose: 0 : 27216, 8, 2026/01/09, 23:07:15.660, 21759191347110, testhost.dll, TcpClientExtensions.MessageLoopAsync: exiting MessageLoopAsync remoteEndPoint: [::ffff:127.0.0.1]:64865 localEndPoint: [::ffff:127.0.0.1]:64866
